<?xml version="1.0" encoding="UTF-8"?>
<!-- Generated by org.testng.reporters.JUnitReportReporter -->
<testsuite hostname="DESKTOP-HR4HVE7" failures="0" tests="1" name="seleniumBasic.SampleTestCheck" time="16.318" errors="0" timestamp="2023-01-21T12:50:30 IST" skipped="0">
  <testcase classname="seleniumBasic.SampleTestCheck" name="sampletesty" time="16.318"/>
  <system-out/>
</testsuite> <!-- seleniumBasic.SampleTestCheck -->
